{"/Users/macdev2/Desktop/grhiit/server/app.js": {"path":"/Users/macdev2/Desktop/grhiit/server/app.js","statementMap":{"0":{"start":{"line":5,"column":16},"end":{"line":5,"column":34}},"1":{"start":{"line":6,"column":13},"end":{"line":6,"column":28}},"2":{"start":{"line":8,"column":26},"end":{"line":8,"column":51}},"3":{"start":{"line":10,"column":28},"end":{"line":10,"column":56}},"4":{"start":{"line":11,"column":19},"end":{"line":11,"column":43}},"5":{"start":{"line":12,"column":23},"end":{"line":12,"column":51}},"6":{"start":{"line":13,"column":20},"end":{"line":13,"column":45}},"7":{"start":{"line":16,"column":15},"end":{"line":16,"column":32}},"8":{"start":{"line":18,"column":12},"end":{"line":18,"column":21}},"9":{"start":{"line":20,"column":0},"end":{"line":20,"column":16}},"10":{"start":{"line":21,"column":0},"end":{"line":21,"column":24}},"11":{"start":{"line":22,"column":0},"end":{"line":22,"column":24}},"12":{"start":{"line":23,"column":0},"end":{"line":23,"column":25}},"13":{"start":{"line":25,"column":0},"end":{"line":25,"column":29}},"14":{"start":{"line":26,"column":0},"end":{"line":26,"column":37}},"15":{"start":{"line":27,"column":0},"end":{"line":27,"column":31}},"16":{"start":{"line":31,"column":0},"end":{"line":33,"column":3}},"17":{"start":{"line":32,"column":2},"end":{"line":32,"column":35}},"18":{"start":{"line":36,"column":0},"end":{"line":43,"column":3}},"19":{"start":{"line":37,"column":2},"end":{"line":37,"column":64}},"20":{"start":{"line":37,"column":39},"end":{"line":37,"column":64}},"21":{"start":{"line":38,"column":17},"end":{"line":38,"column":34}},"22":{"start":{"line":39,"column":18},"end":{"line":39,"column":29}},"23":{"start":{"line":40,"column":2},"end":{"line":42,"column":5}},"24":{"start":{"line":45,"column":0},"end":{"line":45,"column":21}}},"fnMap":{"0":{"name":"(anonymous_0)","decl":{"start":{"line":31,"column":8},"end":{"line":31,"column":9}},"loc":{"start":{"line":31,"column":34},"end":{"line":33,"column":1}},"line":31},"1":{"name":"(anonymous_1)","decl":{"start":{"line":36,"column":8},"end":{"line":36,"column":9}},"loc":{"start":{"line":36,"column":39},"end":{"line":43,"column":1}},"line":36}},"branchMap":{"0":{"loc":{"start":{"line":37,"column":2},"end":{"line":37,"column":64}},"type":"if","locations":[{"start":{"line":37,"column":2},"end":{"line":37,"column":64}},{"start":{},"end":{}}],"line":37},"1":{"loc":{"start":{"line":38,"column":17},"end":{"line":38,"column":34}},"type":"binary-expr","locations":[{"start":{"line":38,"column":17},"end":{"line":38,"column":27}},{"start":{"line":38,"column":31},"end":{"line":38,"column":34}}],"line":38}},"s":{"0":4,"1":4,"2":4,"3":4,"4":4,"5":4,"6":4,"7":4,"8":4,"9":4,"10":4,"11":4,"12":4,"13":4,"14":4,"15":4,"16":4,"17":4,"18":4,"19":21,"20":1,"21":21,"22":21,"23":21,"24":4},"f":{"0":4,"1":21},"b":{"0":[1,20],"1":[21,1]},"_coverageSchema":"1a1c01bbd47fc00a2c39e90264f33305004495a9","hash":"6428fbb385d7662e794c3811472eda2cfbc88850"}
,"/Users/macdev2/Desktop/grhiit/server/config.js": {"path":"/Users/macdev2/Desktop/grhiit/server/config.js","statementMap":{"0":{"start":{"line":5,"column":0},"end":{"line":5,"column":27}},"1":{"start":{"line":6,"column":0},"end":{"line":6,"column":18}},"2":{"start":{"line":8,"column":19},"end":{"line":8,"column":57}},"3":{"start":{"line":10,"column":13},"end":{"line":10,"column":38}},"4":{"start":{"line":14,"column":2},"end":{"line":16,"column":45}},"5":{"start":{"line":22,"column":27},"end":{"line":22,"column":67}},"6":{"start":{"line":30,"column":0},"end":{"line":35,"column":2}}},"fnMap":{"0":{"name":"getDatabaseUri","decl":{"start":{"line":13,"column":9},"end":{"line":13,"column":23}},"loc":{"start":{"line":13,"column":26},"end":{"line":17,"column":1}},"line":13}},"branchMap":{"0":{"loc":{"start":{"line":8,"column":19},"end":{"line":8,"column":57}},"type":"binary-expr","locations":[{"start":{"line":8,"column":19},"end":{"line":8,"column":41}},{"start":{"line":8,"column":45},"end":{"line":8,"column":57}}],"line":8},"1":{"loc":{"start":{"line":10,"column":13},"end":{"line":10,"column":38}},"type":"binary-expr","locations":[{"start":{"line":10,"column":13},"end":{"line":10,"column":30}},{"start":{"line":10,"column":34},"end":{"line":10,"column":38}}],"line":10},"2":{"loc":{"start":{"line":14,"column":9},"end":{"line":16,"column":44}},"type":"cond-expr","locations":[{"start":{"line":15,"column":8},"end":{"line":15,"column":21}},{"start":{"line":16,"column":8},"end":{"line":16,"column":44}}],"line":14},"3":{"loc":{"start":{"line":16,"column":8},"end":{"line":16,"column":44}},"type":"binary-expr","locations":[{"start":{"line":16,"column":8},"end":{"line":16,"column":32}},{"start":{"line":16,"column":36},"end":{"line":16,"column":44}}],"line":16},"4":{"loc":{"start":{"line":22,"column":27},"end":{"line":22,"column":67}},"type":"cond-expr","locations":[{"start":{"line":22,"column":61},"end":{"line":22,"column":62}},{"start":{"line":22,"column":65},"end":{"line":22,"column":67}}],"line":22}},"s":{"0":9,"1":9,"2":9,"3":9,"4":8,"5":9,"6":9},"f":{"0":8},"b":{"0":[9,8],"1":[9,8],"2":[7,1],"3":[1,1],"4":[8,1]},"_coverageSchema":"1a1c01bbd47fc00a2c39e90264f33305004495a9","hash":"153aba3579472c78340493abc824e8fea97fcb95"}
,"/Users/macdev2/Desktop/grhiit/server/db.js": {"path":"/Users/macdev2/Desktop/grhiit/server/db.js","statementMap":{"0":{"start":{"line":3,"column":19},"end":{"line":3,"column":32}},"1":{"start":{"line":4,"column":27},"end":{"line":4,"column":46}},"2":{"start":{"line":8,"column":0},"end":{"line":19,"column":1}},"3":{"start":{"line":9,"column":2},"end":{"line":14,"column":5}},"4":{"start":{"line":16,"column":2},"end":{"line":18,"column":5}},"5":{"start":{"line":21,"column":0},"end":{"line":21,"column":13}},"6":{"start":{"line":23,"column":0},"end":{"line":23,"column":20}}},"fnMap":{},"branchMap":{"0":{"loc":{"start":{"line":8,"column":0},"end":{"line":19,"column":1}},"type":"if","locations":[{"start":{"line":8,"column":0},"end":{"line":19,"column":1}},{"start":{"line":15,"column":7},"end":{"line":19,"column":1}}],"line":8}},"s":{"0":6,"1":6,"2":6,"3":0,"4":6,"5":6,"6":6},"f":{},"b":{"0":[0,6]},"_coverageSchema":"1a1c01bbd47fc00a2c39e90264f33305004495a9","hash":"1e3d73e8295f55ca99a2d675fc52c3ae9b2e8faf"}
,"/Users/macdev2/Desktop/grhiit/server/expressError.js": {"path":"/Users/macdev2/Desktop/grhiit/server/expressError.js","statementMap":{"0":{"start":{"line":9,"column":4},"end":{"line":9,"column":12}},"1":{"start":{"line":10,"column":4},"end":{"line":10,"column":27}},"2":{"start":{"line":11,"column":4},"end":{"line":11,"column":25}},"3":{"start":{"line":19,"column":4},"end":{"line":19,"column":24}},"4":{"start":{"line":27,"column":4},"end":{"line":27,"column":24}},"5":{"start":{"line":35,"column":4},"end":{"line":35,"column":24}},"6":{"start":{"line":43,"column":4},"end":{"line":43,"column":24}},"7":{"start":{"line":47,"column":0},"end":{"line":53,"column":2}}},"fnMap":{"0":{"name":"(anonymous_0)","decl":{"start":{"line":8,"column":2},"end":{"line":8,"column":3}},"loc":{"start":{"line":8,"column":31},"end":{"line":12,"column":3}},"line":8},"1":{"name":"(anonymous_1)","decl":{"start":{"line":18,"column":2},"end":{"line":18,"column":3}},"loc":{"start":{"line":18,"column":37},"end":{"line":20,"column":3}},"line":18},"2":{"name":"(anonymous_2)","decl":{"start":{"line":26,"column":2},"end":{"line":26,"column":3}},"loc":{"start":{"line":26,"column":40},"end":{"line":28,"column":3}},"line":26},"3":{"name":"(anonymous_3)","decl":{"start":{"line":34,"column":2},"end":{"line":34,"column":3}},"loc":{"start":{"line":34,"column":39},"end":{"line":36,"column":3}},"line":34},"4":{"name":"(anonymous_4)","decl":{"start":{"line":42,"column":2},"end":{"line":42,"column":3}},"loc":{"start":{"line":42,"column":39},"end":{"line":44,"column":3}},"line":42}},"branchMap":{"0":{"loc":{"start":{"line":18,"column":14},"end":{"line":18,"column":35}},"type":"default-arg","locations":[{"start":{"line":18,"column":24},"end":{"line":18,"column":35}}],"line":18},"1":{"loc":{"start":{"line":26,"column":14},"end":{"line":26,"column":38}},"type":"default-arg","locations":[{"start":{"line":26,"column":24},"end":{"line":26,"column":38}}],"line":26},"2":{"loc":{"start":{"line":34,"column":14},"end":{"line":34,"column":37}},"type":"default-arg","locations":[{"start":{"line":34,"column":24},"end":{"line":34,"column":37}}],"line":34},"3":{"loc":{"start":{"line":42,"column":14},"end":{"line":42,"column":37}},"type":"default-arg","locations":[{"start":{"line":42,"column":24},"end":{"line":42,"column":37}}],"line":42}},"s":{"0":32,"1":32,"2":32,"3":10,"4":17,"5":5,"6":0,"7":8},"f":{"0":32,"1":10,"2":17,"3":5,"4":0},"b":{"0":[4],"1":[15],"2":[0],"3":[0]},"_coverageSchema":"1a1c01bbd47fc00a2c39e90264f33305004495a9","hash":"9916ef1dba3a7599f6ddf52de4256f9ee9da4e0a"}
,"/Users/macdev2/Desktop/grhiit/server/helpers/sql.js": {"path":"/Users/macdev2/Desktop/grhiit/server/helpers/sql.js","statementMap":{"0":{"start":{"line":1,"column":28},"end":{"line":1,"column":54}},"1":{"start":{"line":21,"column":15},"end":{"line":21,"column":40}},"2":{"start":{"line":22,"column":2},"end":{"line":22,"column":62}},"3":{"start":{"line":22,"column":25},"end":{"line":22,"column":62}},"4":{"start":{"line":25,"column":15},"end":{"line":27,"column":3}},"5":{"start":{"line":26,"column":6},"end":{"line":26,"column":52}},"6":{"start":{"line":29,"column":2},"end":{"line":32,"column":4}},"7":{"start":{"line":35,"column":0},"end":{"line":35,"column":41}}},"fnMap":{"0":{"name":"sqlForPartialUpdate","decl":{"start":{"line":20,"column":9},"end":{"line":20,"column":28}},"loc":{"start":{"line":20,"column":52},"end":{"line":33,"column":1}},"line":20},"1":{"name":"(anonymous_1)","decl":{"start":{"line":25,"column":24},"end":{"line":25,"column":25}},"loc":{"start":{"line":26,"column":6},"end":{"line":26,"column":52}},"line":26}},"branchMap":{"0":{"loc":{"start":{"line":22,"column":2},"end":{"line":22,"column":62}},"type":"if","locations":[{"start":{"line":22,"column":2},"end":{"line":22,"column":62}},{"start":{},"end":{}}],"line":22},"1":{"loc":{"start":{"line":26,"column":10},"end":{"line":26,"column":37}},"type":"binary-expr","locations":[{"start":{"line":26,"column":10},"end":{"line":26,"column":26}},{"start":{"line":26,"column":30},"end":{"line":26,"column":37}}],"line":26}},"s":{"0":7,"1":10,"2":10,"3":1,"4":9,"5":13,"6":9,"7":7},"f":{"0":10,"1":13},"b":{"0":[1,9],"1":[13,4]},"_coverageSchema":"1a1c01bbd47fc00a2c39e90264f33305004495a9","hash":"fa877bd12d0c07d3365960b06f96e0585c454380"}
,"/Users/macdev2/Desktop/grhiit/server/helpers/tokens.js": {"path":"/Users/macdev2/Desktop/grhiit/server/helpers/tokens.js","statementMap":{"0":{"start":{"line":1,"column":12},"end":{"line":1,"column":35}},"1":{"start":{"line":2,"column":23},"end":{"line":2,"column":43}},"2":{"start":{"line":7,"column":2},"end":{"line":8,"column":58}},"3":{"start":{"line":9,"column":16},"end":{"line":13,"column":3}},"4":{"start":{"line":15,"column":2},"end":{"line":15,"column":39}},"5":{"start":{"line":18,"column":0},"end":{"line":18,"column":33}}},"fnMap":{"0":{"name":"createToken","decl":{"start":{"line":6,"column":9},"end":{"line":6,"column":20}},"loc":{"start":{"line":6,"column":27},"end":{"line":16,"column":1}},"line":6}},"branchMap":{"0":{"loc":{"start":{"line":12,"column":13},"end":{"line":12,"column":34}},"type":"binary-expr","locations":[{"start":{"line":12,"column":13},"end":{"line":12,"column":25}},{"start":{"line":12,"column":29},"end":{"line":12,"column":34}}],"line":12}},"s":{"0":5,"1":5,"2":11,"3":11,"4":11,"5":5},"f":{"0":11},"b":{"0":[11,6]},"_coverageSchema":"1a1c01bbd47fc00a2c39e90264f33305004495a9","hash":"0e38916cd6696e99e15bfec9b4d327480b593f50"}
,"/Users/macdev2/Desktop/grhiit/server/middleware/auth.js": {"path":"/Users/macdev2/Desktop/grhiit/server/middleware/auth.js","statementMap":{"0":{"start":{"line":5,"column":12},"end":{"line":5,"column":35}},"1":{"start":{"line":6,"column":23},"end":{"line":6,"column":43}},"2":{"start":{"line":7,"column":30},"end":{"line":7,"column":56}},"3":{"start":{"line":19,"column":2},"end":{"line":28,"column":3}},"4":{"start":{"line":20,"column":23},"end":{"line":20,"column":63}},"5":{"start":{"line":21,"column":4},"end":{"line":24,"column":5}},"6":{"start":{"line":22,"column":20},"end":{"line":22,"column":64}},"7":{"start":{"line":23,"column":6},"end":{"line":23,"column":54}},"8":{"start":{"line":25,"column":4},"end":{"line":25,"column":18}},"9":{"start":{"line":27,"column":4},"end":{"line":27,"column":18}},"10":{"start":{"line":37,"column":2},"end":{"line":42,"column":3}},"11":{"start":{"line":38,"column":4},"end":{"line":38,"column":56}},"12":{"start":{"line":38,"column":26},"end":{"line":38,"column":56}},"13":{"start":{"line":39,"column":4},"end":{"line":39,"column":18}},"14":{"start":{"line":41,"column":4},"end":{"line":41,"column":21}},"15":{"start":{"line":52,"column":2},"end":{"line":59,"column":3}},"16":{"start":{"line":53,"column":4},"end":{"line":55,"column":5}},"17":{"start":{"line":54,"column":6},"end":{"line":54,"column":36}},"18":{"start":{"line":56,"column":4},"end":{"line":56,"column":18}},"19":{"start":{"line":58,"column":4},"end":{"line":58,"column":21}},"20":{"start":{"line":69,"column":15},"end":{"line":69,"column":30}},"21":{"start":{"line":71,"column":2},"end":{"line":79,"column":3}},"22":{"start":{"line":72,"column":17},"end":{"line":72,"column":32}},"23":{"start":{"line":73,"column":4},"end":{"line":75,"column":5}},"24":{"start":{"line":74,"column":6},"end":{"line":74,"column":36}},"25":{"start":{"line":76,"column":4},"end":{"line":76,"column":18}},"26":{"start":{"line":78,"column":4},"end":{"line":78,"column":21}},"27":{"start":{"line":83,"column":0},"end":{"line":88,"column":2}}},"fnMap":{"0":{"name":"authenticateJWT","decl":{"start":{"line":18,"column":9},"end":{"line":18,"column":24}},"loc":{"start":{"line":18,"column":41},"end":{"line":29,"column":1}},"line":18},"1":{"name":"ensureLoggedIn","decl":{"start":{"line":36,"column":9},"end":{"line":36,"column":23}},"loc":{"start":{"line":36,"column":40},"end":{"line":43,"column":1}},"line":36},"2":{"name":"ensureAdmin","decl":{"start":{"line":51,"column":9},"end":{"line":51,"column":20}},"loc":{"start":{"line":51,"column":37},"end":{"line":60,"column":1}},"line":51},"3":{"name":"ensureCorrectUserOrAdmin","decl":{"start":{"line":68,"column":9},"end":{"line":68,"column":33}},"loc":{"start":{"line":68,"column":50},"end":{"line":80,"column":1}},"line":68}},"branchMap":{"0":{"loc":{"start":{"line":20,"column":23},"end":{"line":20,"column":63}},"type":"binary-expr","locations":[{"start":{"line":20,"column":23},"end":{"line":20,"column":34}},{"start":{"line":20,"column":38},"end":{"line":20,"column":63}}],"line":20},"1":{"loc":{"start":{"line":21,"column":4},"end":{"line":24,"column":5}},"type":"if","locations":[{"start":{"line":21,"column":4},"end":{"line":24,"column":5}},{"start":{},"end":{}}],"line":21},"2":{"loc":{"start":{"line":38,"column":4},"end":{"line":38,"column":56}},"type":"if","locations":[{"start":{"line":38,"column":4},"end":{"line":38,"column":56}},{"start":{},"end":{}}],"line":38},"3":{"loc":{"start":{"line":53,"column":4},"end":{"line":55,"column":5}},"type":"if","locations":[{"start":{"line":53,"column":4},"end":{"line":55,"column":5}},{"start":{},"end":{}}],"line":53},"4":{"loc":{"start":{"line":53,"column":8},"end":{"line":53,"column":52}},"type":"binary-expr","locations":[{"start":{"line":53,"column":8},"end":{"line":53,"column":24}},{"start":{"line":53,"column":28},"end":{"line":53,"column":52}}],"line":53},"5":{"loc":{"start":{"line":73,"column":4},"end":{"line":75,"column":5}},"type":"if","locations":[{"start":{"line":73,"column":4},"end":{"line":75,"column":5}},{"start":{},"end":{}}],"line":73},"6":{"loc":{"start":{"line":73,"column":10},"end":{"line":73,"column":107}},"type":"binary-expr","locations":[{"start":{"line":73,"column":10},"end":{"line":73,"column":14}},{"start":{"line":73,"column":19},"end":{"line":73,"column":31}},{"start":{"line":73,"column":35},"end":{"line":73,"column":65}},{"start":{"line":73,"column":69},"end":{"line":73,"column":106}}],"line":73}},"s":{"0":5,"1":5,"2":5,"3":38,"4":38,"5":38,"6":30,"7":30,"8":37,"9":1,"10":2,"11":2,"12":1,"13":1,"14":1,"15":13,"16":13,"17":6,"18":7,"19":6,"20":25,"21":25,"22":25,"23":25,"24":8,"25":17,"26":8,"27":5},"f":{"0":38,"1":2,"2":13,"3":25},"b":{"0":[38,37],"1":[30,8],"2":[1,1],"3":[6,7],"4":[13,10],"5":[8,17],"6":[25,21,10,8]},"_coverageSchema":"1a1c01bbd47fc00a2c39e90264f33305004495a9","hash":"9ba75b711ac4eb77252eb6ee94171741e6f44f55"}
,"/Users/macdev2/Desktop/grhiit/server/models/_testCommon.js": {"path":"/Users/macdev2/Desktop/grhiit/server/models/_testCommon.js","statementMap":{"0":{"start":{"line":1,"column":15},"end":{"line":1,"column":32}},"1":{"start":{"line":3,"column":11},"end":{"line":3,"column":30}},"2":{"start":{"line":4,"column":31},"end":{"line":4,"column":51}},"3":{"start":{"line":8,"column":2},"end":{"line":8,"column":41}},"4":{"start":{"line":10,"column":2},"end":{"line":10,"column":38}},"5":{"start":{"line":12,"column":15},"end":{"line":20,"column":4}},"6":{"start":{"line":22,"column":20},"end":{"line":22,"column":40}},"7":{"start":{"line":33,"column":2},"end":{"line":45,"column":9}},"8":{"start":{"line":49,"column":2},"end":{"line":49,"column":26}},"9":{"start":{"line":53,"column":2},"end":{"line":53,"column":29}},"10":{"start":{"line":57,"column":2},"end":{"line":57,"column":17}},"11":{"start":{"line":61,"column":0},"end":{"line":66,"column":2}}},"fnMap":{"0":{"name":"commonBeforeAll","decl":{"start":{"line":6,"column":15},"end":{"line":6,"column":30}},"loc":{"start":{"line":6,"column":33},"end":{"line":46,"column":1}},"line":6},"1":{"name":"commonBeforeEach","decl":{"start":{"line":48,"column":15},"end":{"line":48,"column":31}},"loc":{"start":{"line":48,"column":34},"end":{"line":50,"column":1}},"line":48},"2":{"name":"commonAfterEach","decl":{"start":{"line":52,"column":15},"end":{"line":52,"column":30}},"loc":{"start":{"line":52,"column":33},"end":{"line":54,"column":1}},"line":52},"3":{"name":"commonAfterAll","decl":{"start":{"line":56,"column":15},"end":{"line":56,"column":29}},"loc":{"start":{"line":56,"column":32},"end":{"line":58,"column":1}},"line":56}},"branchMap":{},"s":{"0":2,"1":2,"2":2,"3":2,"4":2,"5":2,"6":2,"7":2,"8":18,"9":18,"10":2,"11":2},"f":{"0":2,"1":18,"2":18,"3":2},"b":{},"_coverageSchema":"1a1c01bbd47fc00a2c39e90264f33305004495a9","hash":"3cd2223de46b31282b2df87593d974d368041dd9"}
,"/Users/macdev2/Desktop/grhiit/server/models/user.js": {"path":"/Users/macdev2/Desktop/grhiit/server/models/user.js","statementMap":{"0":{"start":{"line":3,"column":11},"end":{"line":3,"column":27}},"1":{"start":{"line":4,"column":15},"end":{"line":4,"column":32}},"2":{"start":{"line":5,"column":32},"end":{"line":5,"column":57}},"3":{"start":{"line":10,"column":4},"end":{"line":10,"column":30}},"4":{"start":{"line":12,"column":31},"end":{"line":12,"column":54}},"5":{"start":{"line":26,"column":19},"end":{"line":37,"column":5}},"6":{"start":{"line":39,"column":17},"end":{"line":39,"column":31}},"7":{"start":{"line":41,"column":4},"end":{"line":48,"column":5}},"8":{"start":{"line":43,"column":22},"end":{"line":43,"column":67}},"9":{"start":{"line":44,"column":6},"end":{"line":47,"column":7}},"10":{"start":{"line":45,"column":8},"end":{"line":45,"column":29}},"11":{"start":{"line":46,"column":8},"end":{"line":46,"column":20}},"12":{"start":{"line":50,"column":4},"end":{"line":50,"column":61}},"13":{"start":{"line":62,"column":27},"end":{"line":67,"column":5}},"14":{"start":{"line":69,"column":4},"end":{"line":71,"column":5}},"15":{"start":{"line":70,"column":6},"end":{"line":70,"column":67}},"16":{"start":{"line":73,"column":27},"end":{"line":73,"column":74}},"17":{"start":{"line":75,"column":19},"end":{"line":93,"column":5}},"18":{"start":{"line":94,"column":17},"end":{"line":94,"column":31}},"19":{"start":{"line":96,"column":4},"end":{"line":96,"column":16}},"20":{"start":{"line":105,"column":19},"end":{"line":113,"column":5}},"21":{"start":{"line":115,"column":4},"end":{"line":115,"column":23}},"22":{"start":{"line":127,"column":20},"end":{"line":137,"column":5}},"23":{"start":{"line":139,"column":17},"end":{"line":139,"column":32}},"24":{"start":{"line":141,"column":4},"end":{"line":141,"column":63}},"25":{"start":{"line":141,"column":15},"end":{"line":141,"column":63}},"26":{"start":{"line":143,"column":4},"end":{"line":143,"column":16}},"27":{"start":{"line":164,"column":4},"end":{"line":166,"column":5}},"28":{"start":{"line":165,"column":6},"end":{"line":165,"column":75}},"29":{"start":{"line":168,"column":32},"end":{"line":174,"column":10}},"30":{"start":{"line":175,"column":27},"end":{"line":175,"column":52}},"31":{"start":{"line":177,"column":21},"end":{"line":185,"column":54}},"32":{"start":{"line":186,"column":19},"end":{"line":186,"column":66}},"33":{"start":{"line":187,"column":17},"end":{"line":187,"column":31}},"34":{"start":{"line":189,"column":4},"end":{"line":189,"column":63}},"35":{"start":{"line":189,"column":15},"end":{"line":189,"column":63}},"36":{"start":{"line":191,"column":4},"end":{"line":191,"column":25}},"37":{"start":{"line":192,"column":4},"end":{"line":192,"column":16}},"38":{"start":{"line":198,"column":17},"end":{"line":204,"column":5}},"39":{"start":{"line":205,"column":17},"end":{"line":205,"column":31}},"40":{"start":{"line":207,"column":4},"end":{"line":207,"column":63}},"41":{"start":{"line":207,"column":15},"end":{"line":207,"column":63}},"42":{"start":{"line":212,"column":0},"end":{"line":212,"column":22}}},"fnMap":{"0":{"name":"(anonymous_0)","decl":{"start":{"line":24,"column":2},"end":{"line":24,"column":3}},"loc":{"start":{"line":24,"column":48},"end":{"line":51,"column":3}},"line":24},"1":{"name":"(anonymous_1)","decl":{"start":{"line":60,"column":2},"end":{"line":60,"column":3}},"loc":{"start":{"line":61,"column":67},"end":{"line":97,"column":3}},"line":61},"2":{"name":"(anonymous_2)","decl":{"start":{"line":104,"column":2},"end":{"line":104,"column":3}},"loc":{"start":{"line":104,"column":25},"end":{"line":116,"column":3}},"line":104},"3":{"name":"(anonymous_3)","decl":{"start":{"line":126,"column":2},"end":{"line":126,"column":3}},"loc":{"start":{"line":126,"column":29},"end":{"line":144,"column":3}},"line":126},"4":{"name":"(anonymous_4)","decl":{"start":{"line":163,"column":2},"end":{"line":163,"column":3}},"loc":{"start":{"line":163,"column":38},"end":{"line":193,"column":3}},"line":163},"5":{"name":"(anonymous_5)","decl":{"start":{"line":197,"column":2},"end":{"line":197,"column":3}},"loc":{"start":{"line":197,"column":32},"end":{"line":208,"column":3}},"line":197}},"branchMap":{"0":{"loc":{"start":{"line":41,"column":4},"end":{"line":48,"column":5}},"type":"if","locations":[{"start":{"line":41,"column":4},"end":{"line":48,"column":5}},{"start":{},"end":{}}],"line":41},"1":{"loc":{"start":{"line":44,"column":6},"end":{"line":47,"column":7}},"type":"if","locations":[{"start":{"line":44,"column":6},"end":{"line":47,"column":7}},{"start":{},"end":{}}],"line":44},"2":{"loc":{"start":{"line":69,"column":4},"end":{"line":71,"column":5}},"type":"if","locations":[{"start":{"line":69,"column":4},"end":{"line":71,"column":5}},{"start":{},"end":{}}],"line":69},"3":{"loc":{"start":{"line":141,"column":4},"end":{"line":141,"column":63}},"type":"if","locations":[{"start":{"line":141,"column":4},"end":{"line":141,"column":63}},{"start":{},"end":{}}],"line":141},"4":{"loc":{"start":{"line":164,"column":4},"end":{"line":166,"column":5}},"type":"if","locations":[{"start":{"line":164,"column":4},"end":{"line":166,"column":5}},{"start":{},"end":{}}],"line":164},"5":{"loc":{"start":{"line":189,"column":4},"end":{"line":189,"column":63}},"type":"if","locations":[{"start":{"line":189,"column":4},"end":{"line":189,"column":63}},{"start":{},"end":{}}],"line":189},"6":{"loc":{"start":{"line":207,"column":4},"end":{"line":207,"column":63}},"type":"if","locations":[{"start":{"line":207,"column":4},"end":{"line":207,"column":63}},{"start":{},"end":{}}],"line":207}},"s":{"0":6,"1":6,"2":6,"3":6,"4":6,"5":7,"6":7,"7":7,"8":5,"9":5,"10":5,"11":5,"12":2,"13":13,"14":13,"15":1,"16":12,"17":12,"18":11,"19":11,"20":3,"21":2,"22":8,"23":8,"24":8,"25":2,"26":6,"27":8,"28":2,"29":8,"30":7,"31":7,"32":7,"33":7,"34":7,"35":2,"36":5,"37":5,"38":3,"39":3,"40":3,"41":1,"42":6},"f":{"0":7,"1":13,"2":3,"3":8,"4":8,"5":3},"b":{"0":[5,2],"1":[5,0],"2":[1,12],"3":[2,6],"4":[2,6],"5":[2,5],"6":[1,2]},"_coverageSchema":"1a1c01bbd47fc00a2c39e90264f33305004495a9","hash":"91f1dad2e401e326b82229d19747fdf08b34778c"}
,"/Users/macdev2/Desktop/grhiit/server/models/workout.js": {"path":"/Users/macdev2/Desktop/grhiit/server/models/workout.js","statementMap":{"0":{"start":{"line":3,"column":11},"end":{"line":3,"column":27}},"1":{"start":{"line":4,"column":43},"end":{"line":4,"column":69}},"2":{"start":{"line":5,"column":32},"end":{"line":5,"column":57}},"3":{"start":{"line":18,"column":20},"end":{"line":18,"column":44}},"4":{"start":{"line":20,"column":19},"end":{"line":31,"column":5}},"5":{"start":{"line":33,"column":20},"end":{"line":33,"column":34}},"6":{"start":{"line":35,"column":4},"end":{"line":35,"column":19}},"7":{"start":{"line":50,"column":19},"end":{"line":55,"column":5}},"8":{"start":{"line":56,"column":21},"end":{"line":56,"column":32}},"9":{"start":{"line":58,"column":4},"end":{"line":58,"column":20}},"10":{"start":{"line":72,"column":19},"end":{"line":77,"column":5}},"11":{"start":{"line":79,"column":4},"end":{"line":79,"column":79}},"12":{"start":{"line":79,"column":34},"end":{"line":79,"column":79}},"13":{"start":{"line":81,"column":20},"end":{"line":81,"column":39}},"14":{"start":{"line":82,"column":4},"end":{"line":82,"column":19}},"15":{"start":{"line":88,"column":0},"end":{"line":88,"column":25}}},"fnMap":{"0":{"name":"(anonymous_0)","decl":{"start":{"line":17,"column":2},"end":{"line":17,"column":3}},"loc":{"start":{"line":17,"column":35},"end":{"line":36,"column":3}},"line":17},"1":{"name":"(anonymous_1)","decl":{"start":{"line":49,"column":2},"end":{"line":49,"column":3}},"loc":{"start":{"line":49,"column":27},"end":{"line":59,"column":3}},"line":49},"2":{"name":"(anonymous_2)","decl":{"start":{"line":71,"column":2},"end":{"line":71,"column":3}},"loc":{"start":{"line":71,"column":30},"end":{"line":83,"column":3}},"line":71}},"branchMap":{"0":{"loc":{"start":{"line":79,"column":4},"end":{"line":79,"column":79}},"type":"if","locations":[{"start":{"line":79,"column":4},"end":{"line":79,"column":79}},{"start":{},"end":{}}],"line":79}},"s":{"0":5,"1":5,"2":5,"3":12,"4":12,"5":12,"6":12,"7":4,"8":4,"9":4,"10":2,"11":2,"12":1,"13":1,"14":1,"15":5},"f":{"0":12,"1":4,"2":2},"b":{"0":[1,1]},"_coverageSchema":"1a1c01bbd47fc00a2c39e90264f33305004495a9","hash":"d3e522a40e54ee200b33f55163ca910577bd34c1"}
,"/Users/macdev2/Desktop/grhiit/server/routes/_testCommon.js": {"path":"/Users/macdev2/Desktop/grhiit/server/routes/_testCommon.js","statementMap":{"0":{"start":{"line":3,"column":11},"end":{"line":3,"column":30}},"1":{"start":{"line":5,"column":13},"end":{"line":5,"column":38}},"2":{"start":{"line":6,"column":16},"end":{"line":6,"column":44}},"3":{"start":{"line":7,"column":24},"end":{"line":7,"column":52}},"4":{"start":{"line":11,"column":2},"end":{"line":11,"column":38}},"5":{"start":{"line":13,"column":2},"end":{"line":13,"column":41}},"6":{"start":{"line":15,"column":18},"end":{"line":22,"column":6}},"7":{"start":{"line":23,"column":18},"end":{"line":30,"column":6}},"8":{"start":{"line":31,"column":18},"end":{"line":38,"column":6}},"9":{"start":{"line":40,"column":4},"end":{"line":64,"column":11}},"10":{"start":{"line":65,"column":4},"end":{"line":89,"column":11}},"11":{"start":{"line":90,"column":4},"end":{"line":114,"column":11}},"12":{"start":{"line":118,"column":2},"end":{"line":118,"column":26}},"13":{"start":{"line":122,"column":2},"end":{"line":122,"column":29}},"14":{"start":{"line":126,"column":2},"end":{"line":126,"column":17}},"15":{"start":{"line":129,"column":19},"end":{"line":129,"column":68}},"16":{"start":{"line":131,"column":0},"end":{"line":137,"column":2}}},"fnMap":{"0":{"name":"commonBeforeAll","decl":{"start":{"line":9,"column":15},"end":{"line":9,"column":30}},"loc":{"start":{"line":9,"column":33},"end":{"line":115,"column":1}},"line":9},"1":{"name":"commonBeforeEach","decl":{"start":{"line":117,"column":15},"end":{"line":117,"column":31}},"loc":{"start":{"line":117,"column":34},"end":{"line":119,"column":1}},"line":117},"2":{"name":"commonAfterEach","decl":{"start":{"line":121,"column":15},"end":{"line":121,"column":30}},"loc":{"start":{"line":121,"column":33},"end":{"line":123,"column":1}},"line":121},"3":{"name":"commonAfterAll","decl":{"start":{"line":125,"column":15},"end":{"line":125,"column":29}},"loc":{"start":{"line":125,"column":32},"end":{"line":127,"column":1}},"line":125}},"branchMap":{},"s":{"0":3,"1":3,"2":3,"3":3,"4":3,"5":3,"6":3,"7":2,"8":2,"9":2,"10":2,"11":2,"12":33,"13":41,"14":3,"15":3,"16":3},"f":{"0":3,"1":33,"2":41,"3":3},"b":{},"_coverageSchema":"1a1c01bbd47fc00a2c39e90264f33305004495a9","hash":"c0ac8f940d5c7ad7309fd5eaf7bd78984a575f3a"}
,"/Users/macdev2/Desktop/grhiit/server/routes/auth.js": {"path":"/Users/macdev2/Desktop/grhiit/server/routes/auth.js","statementMap":{"0":{"start":{"line":5,"column":19},"end":{"line":5,"column":40}},"1":{"start":{"line":7,"column":13},"end":{"line":7,"column":38}},"2":{"start":{"line":8,"column":16},"end":{"line":8,"column":34}},"3":{"start":{"line":9,"column":15},"end":{"line":9,"column":35}},"4":{"start":{"line":10,"column":24},"end":{"line":10,"column":52}},"5":{"start":{"line":11,"column":23},"end":{"line":11,"column":58}},"6":{"start":{"line":12,"column":27},"end":{"line":12,"column":66}},"7":{"start":{"line":13,"column":28},"end":{"line":13,"column":54}},"8":{"start":{"line":22,"column":0},"end":{"line":37,"column":3}},"9":{"start":{"line":23,"column":2},"end":{"line":36,"column":3}},"10":{"start":{"line":24,"column":22},"end":{"line":24,"column":67}},"11":{"start":{"line":25,"column":4},"end":{"line":28,"column":5}},"12":{"start":{"line":26,"column":19},"end":{"line":26,"column":53}},"13":{"start":{"line":26,"column":45},"end":{"line":26,"column":52}},"14":{"start":{"line":27,"column":6},"end":{"line":27,"column":38}},"15":{"start":{"line":30,"column":35},"end":{"line":30,"column":43}},"16":{"start":{"line":31,"column":17},"end":{"line":31,"column":60}},"17":{"start":{"line":32,"column":18},"end":{"line":32,"column":35}},"18":{"start":{"line":33,"column":4},"end":{"line":33,"column":31}},"19":{"start":{"line":35,"column":4},"end":{"line":35,"column":21}},"20":{"start":{"line":49,"column":0},"end":{"line":63,"column":3}},"21":{"start":{"line":50,"column":2},"end":{"line":62,"column":3}},"22":{"start":{"line":51,"column":22},"end":{"line":51,"column":71}},"23":{"start":{"line":52,"column":4},"end":{"line":55,"column":5}},"24":{"start":{"line":53,"column":19},"end":{"line":53,"column":53}},"25":{"start":{"line":53,"column":45},"end":{"line":53,"column":52}},"26":{"start":{"line":54,"column":6},"end":{"line":54,"column":38}},"27":{"start":{"line":57,"column":20},"end":{"line":57,"column":72}},"28":{"start":{"line":58,"column":18},"end":{"line":58,"column":38}},"29":{"start":{"line":59,"column":4},"end":{"line":59,"column":43}},"30":{"start":{"line":61,"column":4},"end":{"line":61,"column":21}},"31":{"start":{"line":66,"column":0},"end":{"line":66,"column":24}}},"fnMap":{"0":{"name":"(anonymous_0)","decl":{"start":{"line":22,"column":22},"end":{"line":22,"column":23}},"loc":{"start":{"line":22,"column":54},"end":{"line":37,"column":1}},"line":22},"1":{"name":"(anonymous_1)","decl":{"start":{"line":26,"column":40},"end":{"line":26,"column":41}},"loc":{"start":{"line":26,"column":45},"end":{"line":26,"column":52}},"line":26},"2":{"name":"(anonymous_2)","decl":{"start":{"line":49,"column":25},"end":{"line":49,"column":26}},"loc":{"start":{"line":49,"column":57},"end":{"line":63,"column":1}},"line":49},"3":{"name":"(anonymous_3)","decl":{"start":{"line":53,"column":40},"end":{"line":53,"column":41}},"loc":{"start":{"line":53,"column":45},"end":{"line":53,"column":52}},"line":53}},"branchMap":{"0":{"loc":{"start":{"line":25,"column":4},"end":{"line":28,"column":5}},"type":"if","locations":[{"start":{"line":25,"column":4},"end":{"line":28,"column":5}},{"start":{},"end":{}}],"line":25},"1":{"loc":{"start":{"line":52,"column":4},"end":{"line":55,"column":5}},"type":"if","locations":[{"start":{"line":52,"column":4},"end":{"line":55,"column":5}},{"start":{},"end":{}}],"line":52}},"s":{"0":4,"1":4,"2":4,"3":4,"4":4,"5":4,"6":4,"7":4,"8":4,"9":0,"10":0,"11":0,"12":0,"13":0,"14":0,"15":0,"16":0,"17":0,"18":0,"19":0,"20":4,"21":0,"22":0,"23":0,"24":0,"25":0,"26":0,"27":0,"28":0,"29":0,"30":0,"31":4},"f":{"0":0,"1":0,"2":0,"3":0},"b":{"0":[0,0],"1":[0,0]},"_coverageSchema":"1a1c01bbd47fc00a2c39e90264f33305004495a9","hash":"145dec5dc015698154ad277fc52f843becc898e8"}
,"/Users/macdev2/Desktop/grhiit/server/routes/users.js": {"path":"/Users/macdev2/Desktop/grhiit/server/routes/users.js","statementMap":{"0":{"start":{"line":5,"column":19},"end":{"line":5,"column":40}},"1":{"start":{"line":7,"column":16},"end":{"line":7,"column":34}},"2":{"start":{"line":8,"column":50},"end":{"line":8,"column":79}},"3":{"start":{"line":9,"column":28},"end":{"line":9,"column":54}},"4":{"start":{"line":10,"column":13},"end":{"line":10,"column":38}},"5":{"start":{"line":11,"column":24},"end":{"line":11,"column":52}},"6":{"start":{"line":12,"column":22},"end":{"line":12,"column":56}},"7":{"start":{"line":13,"column":25},"end":{"line":13,"column":62}},"8":{"start":{"line":15,"column":15},"end":{"line":15,"column":31}},"9":{"start":{"line":30,"column":0},"end":{"line":44,"column":3}},"10":{"start":{"line":31,"column":2},"end":{"line":43,"column":3}},"11":{"start":{"line":32,"column":22},"end":{"line":32,"column":66}},"12":{"start":{"line":33,"column":4},"end":{"line":36,"column":5}},"13":{"start":{"line":34,"column":19},"end":{"line":34,"column":53}},"14":{"start":{"line":34,"column":45},"end":{"line":34,"column":52}},"15":{"start":{"line":35,"column":6},"end":{"line":35,"column":38}},"16":{"start":{"line":38,"column":17},"end":{"line":38,"column":46}},"17":{"start":{"line":39,"column":18},"end":{"line":39,"column":35}},"18":{"start":{"line":40,"column":4},"end":{"line":40,"column":49}},"19":{"start":{"line":42,"column":4},"end":{"line":42,"column":21}},"20":{"start":{"line":54,"column":0},"end":{"line":61,"column":3}},"21":{"start":{"line":55,"column":2},"end":{"line":60,"column":3}},"22":{"start":{"line":56,"column":18},"end":{"line":56,"column":38}},"23":{"start":{"line":57,"column":4},"end":{"line":57,"column":31}},"24":{"start":{"line":59,"column":4},"end":{"line":59,"column":21}},"25":{"start":{"line":72,"column":0},"end":{"line":79,"column":3}},"26":{"start":{"line":73,"column":2},"end":{"line":78,"column":3}},"27":{"start":{"line":74,"column":17},"end":{"line":74,"column":52}},"28":{"start":{"line":75,"column":4},"end":{"line":75,"column":30}},"29":{"start":{"line":77,"column":4},"end":{"line":77,"column":21}},"30":{"start":{"line":92,"column":0},"end":{"line":105,"column":3}},"31":{"start":{"line":93,"column":2},"end":{"line":104,"column":3}},"32":{"start":{"line":94,"column":22},"end":{"line":94,"column":69}},"33":{"start":{"line":95,"column":4},"end":{"line":98,"column":5}},"34":{"start":{"line":96,"column":19},"end":{"line":96,"column":53}},"35":{"start":{"line":96,"column":45},"end":{"line":96,"column":52}},"36":{"start":{"line":97,"column":6},"end":{"line":97,"column":38}},"37":{"start":{"line":100,"column":17},"end":{"line":100,"column":65}},"38":{"start":{"line":101,"column":4},"end":{"line":101,"column":30}},"39":{"start":{"line":103,"column":4},"end":{"line":103,"column":21}},"40":{"start":{"line":113,"column":0},"end":{"line":120,"column":3}},"41":{"start":{"line":114,"column":2},"end":{"line":119,"column":3}},"42":{"start":{"line":115,"column":4},"end":{"line":115,"column":43}},"43":{"start":{"line":116,"column":4},"end":{"line":116,"column":54}},"44":{"start":{"line":118,"column":4},"end":{"line":118,"column":21}},"45":{"start":{"line":123,"column":0},"end":{"line":123,"column":24}}},"fnMap":{"0":{"name":"(anonymous_0)","decl":{"start":{"line":30,"column":30},"end":{"line":30,"column":31}},"loc":{"start":{"line":30,"column":62},"end":{"line":44,"column":1}},"line":30},"1":{"name":"(anonymous_1)","decl":{"start":{"line":34,"column":40},"end":{"line":34,"column":41}},"loc":{"start":{"line":34,"column":45},"end":{"line":34,"column":52}},"line":34},"2":{"name":"(anonymous_2)","decl":{"start":{"line":54,"column":29},"end":{"line":54,"column":30}},"loc":{"start":{"line":54,"column":61},"end":{"line":61,"column":1}},"line":54},"3":{"name":"(anonymous_3)","decl":{"start":{"line":72,"column":51},"end":{"line":72,"column":52}},"loc":{"start":{"line":72,"column":83},"end":{"line":79,"column":1}},"line":72},"4":{"name":"(anonymous_4)","decl":{"start":{"line":92,"column":53},"end":{"line":92,"column":54}},"loc":{"start":{"line":92,"column":85},"end":{"line":105,"column":1}},"line":92},"5":{"name":"(anonymous_5)","decl":{"start":{"line":96,"column":40},"end":{"line":96,"column":41}},"loc":{"start":{"line":96,"column":45},"end":{"line":96,"column":52}},"line":96},"6":{"name":"(anonymous_6)","decl":{"start":{"line":113,"column":54},"end":{"line":113,"column":55}},"loc":{"start":{"line":113,"column":86},"end":{"line":120,"column":1}},"line":113}},"branchMap":{"0":{"loc":{"start":{"line":33,"column":4},"end":{"line":36,"column":5}},"type":"if","locations":[{"start":{"line":33,"column":4},"end":{"line":36,"column":5}},{"start":{},"end":{}}],"line":33},"1":{"loc":{"start":{"line":95,"column":4},"end":{"line":98,"column":5}},"type":"if","locations":[{"start":{"line":95,"column":4},"end":{"line":98,"column":5}},{"start":{},"end":{}}],"line":95}},"s":{"0":4,"1":4,"2":4,"3":4,"4":4,"5":4,"6":4,"7":4,"8":4,"9":4,"10":4,"11":4,"12":4,"13":2,"14":5,"15":2,"16":2,"17":2,"18":2,"19":2,"20":4,"21":2,"22":2,"23":1,"24":1,"25":4,"26":3,"27":3,"28":2,"29":1,"30":4,"31":5,"32":5,"33":5,"34":1,"35":1,"36":1,"37":4,"38":3,"39":2,"40":4,"41":3,"42":3,"43":2,"44":1,"45":4},"f":{"0":4,"1":5,"2":2,"3":3,"4":5,"5":1,"6":3},"b":{"0":[2,2],"1":[1,4]},"_coverageSchema":"1a1c01bbd47fc00a2c39e90264f33305004495a9","hash":"ab7e863512196dbde4b4bca1e9a7ef40576f33e5"}
,"/Users/macdev2/Desktop/grhiit/server/routes/workouts.js": {"path":"/Users/macdev2/Desktop/grhiit/server/routes/workouts.js","statementMap":{"0":{"start":{"line":5,"column":19},"end":{"line":5,"column":40}},"1":{"start":{"line":6,"column":16},"end":{"line":6,"column":34}},"2":{"start":{"line":8,"column":28},"end":{"line":8,"column":54}},"3":{"start":{"line":9,"column":53},"end":{"line":9,"column":82}},"4":{"start":{"line":10,"column":16},"end":{"line":10,"column":44}},"5":{"start":{"line":12,"column":25},"end":{"line":12,"column":62}},"6":{"start":{"line":15,"column":15},"end":{"line":15,"column":35}},"7":{"start":{"line":27,"column":0},"end":{"line":40,"column":3}},"8":{"start":{"line":28,"column":2},"end":{"line":39,"column":3}},"9":{"start":{"line":29,"column":22},"end":{"line":29,"column":69}},"10":{"start":{"line":30,"column":4},"end":{"line":33,"column":5}},"11":{"start":{"line":31,"column":19},"end":{"line":31,"column":53}},"12":{"start":{"line":31,"column":45},"end":{"line":31,"column":52}},"13":{"start":{"line":32,"column":6},"end":{"line":32,"column":38}},"14":{"start":{"line":35,"column":20},"end":{"line":35,"column":65}},"15":{"start":{"line":36,"column":4},"end":{"line":36,"column":45}},"16":{"start":{"line":38,"column":4},"end":{"line":38,"column":21}},"17":{"start":{"line":49,"column":0},"end":{"line":52,"column":3}},"18":{"start":{"line":50,"column":21},"end":{"line":50,"column":57}},"19":{"start":{"line":51,"column":4},"end":{"line":51,"column":33}},"20":{"start":{"line":60,"column":0},"end":{"line":68,"column":3}},"21":{"start":{"line":61,"column":2},"end":{"line":67,"column":3}},"22":{"start":{"line":62,"column":20},"end":{"line":62,"column":59}},"23":{"start":{"line":63,"column":4},"end":{"line":63,"column":33}},"24":{"start":{"line":66,"column":4},"end":{"line":66,"column":21}},"25":{"start":{"line":73,"column":0},"end":{"line":73,"column":24}}},"fnMap":{"0":{"name":"(anonymous_0)","decl":{"start":{"line":27,"column":46},"end":{"line":27,"column":47}},"loc":{"start":{"line":27,"column":78},"end":{"line":40,"column":1}},"line":27},"1":{"name":"(anonymous_1)","decl":{"start":{"line":31,"column":40},"end":{"line":31,"column":41}},"loc":{"start":{"line":31,"column":45},"end":{"line":31,"column":52}},"line":31},"2":{"name":"(anonymous_2)","decl":{"start":{"line":49,"column":45},"end":{"line":49,"column":46}},"loc":{"start":{"line":49,"column":77},"end":{"line":52,"column":1}},"line":49},"3":{"name":"(anonymous_3)","decl":{"start":{"line":60,"column":28},"end":{"line":60,"column":29}},"loc":{"start":{"line":60,"column":60},"end":{"line":68,"column":1}},"line":60}},"branchMap":{"0":{"loc":{"start":{"line":30,"column":4},"end":{"line":33,"column":5}},"type":"if","locations":[{"start":{"line":30,"column":4},"end":{"line":33,"column":5}},{"start":{},"end":{}}],"line":30}},"s":{"0":4,"1":4,"2":4,"3":4,"4":4,"5":4,"6":4,"7":4,"8":2,"9":2,"10":2,"11":0,"12":0,"13":0,"14":2,"15":2,"16":0,"17":4,"18":2,"19":2,"20":4,"21":0,"22":0,"23":0,"24":0,"25":4},"f":{"0":2,"1":0,"2":2,"3":0},"b":{"0":[0,2]},"_coverageSchema":"1a1c01bbd47fc00a2c39e90264f33305004495a9","hash":"dc791d1d3078fdf2bf7d25247b9c77cb36f780c1"}
}
