TN:
SF:app.js
FN:31,(anonymous_0)
FN:36,(anonymous_1)
FNF:2
FNH:2
FNDA:4,(anonymous_0)
FNDA:21,(anonymous_1)
DA:5,4
DA:6,4
DA:8,4
DA:10,4
DA:11,4
DA:12,4
DA:13,4
DA:16,4
DA:18,4
DA:20,4
DA:21,4
DA:22,4
DA:23,4
DA:25,4
DA:26,4
DA:27,4
DA:31,4
DA:32,4
DA:36,4
DA:37,21
DA:38,21
DA:39,21
DA:40,21
DA:45,4
LF:24
LH:24
BRDA:37,0,0,1
BRDA:37,0,1,20
BRDA:38,1,0,21
BRDA:38,1,1,1
BRF:4
BRH:4
end_of_record
TN:
SF:config.js
FN:13,getDatabaseUri
FNF:1
FNH:1
FNDA:8,getDatabaseUri
DA:5,9
DA:6,9
DA:8,9
DA:10,9
DA:14,8
DA:22,9
DA:30,9
LF:7
LH:7
BRDA:8,0,0,9
BRDA:8,0,1,8
BRDA:10,1,0,9
BRDA:10,1,1,8
BRDA:14,2,0,7
BRDA:14,2,1,1
BRDA:16,3,0,1
BRDA:16,3,1,1
BRDA:22,4,0,8
BRDA:22,4,1,1
BRF:10
BRH:10
end_of_record
TN:
SF:db.js
FNF:0
FNH:0
DA:3,6
DA:4,6
DA:8,6
DA:9,0
DA:16,6
DA:21,6
DA:23,6
LF:7
LH:6
BRDA:8,0,0,0
BRDA:8,0,1,6
BRF:2
BRH:1
end_of_record
TN:
SF:expressError.js
FN:8,(anonymous_0)
FN:18,(anonymous_1)
FN:26,(anonymous_2)
FN:34,(anonymous_3)
FN:42,(anonymous_4)
FNF:5
FNH:4
FNDA:32,(anonymous_0)
FNDA:10,(anonymous_1)
FNDA:17,(anonymous_2)
FNDA:5,(anonymous_3)
FNDA:0,(anonymous_4)
DA:9,32
DA:10,32
DA:11,32
DA:19,10
DA:27,17
DA:35,5
DA:43,0
DA:47,8
LF:8
LH:7
BRDA:18,0,0,4
BRDA:26,1,0,15
BRDA:34,2,0,0
BRDA:42,3,0,0
BRF:4
BRH:2
end_of_record
TN:
SF:helpers/sql.js
FN:20,sqlForPartialUpdate
FN:25,(anonymous_1)
FNF:2
FNH:2
FNDA:10,sqlForPartialUpdate
FNDA:13,(anonymous_1)
DA:1,7
DA:21,10
DA:22,10
DA:25,9
DA:26,13
DA:29,9
DA:35,7
LF:7
LH:7
BRDA:22,0,0,1
BRDA:22,0,1,9
BRDA:26,1,0,13
BRDA:26,1,1,4
BRF:4
BRH:4
end_of_record
TN:
SF:helpers/tokens.js
FN:6,createToken
FNF:1
FNH:1
FNDA:11,createToken
DA:1,5
DA:2,5
DA:7,11
DA:9,11
DA:15,11
DA:18,5
LF:6
LH:6
BRDA:12,0,0,11
BRDA:12,0,1,6
BRF:2
BRH:2
end_of_record
TN:
SF:middleware/auth.js
FN:18,authenticateJWT
FN:36,ensureLoggedIn
FN:51,ensureAdmin
FN:68,ensureCorrectUserOrAdmin
FNF:4
FNH:4
FNDA:38,authenticateJWT
FNDA:2,ensureLoggedIn
FNDA:13,ensureAdmin
FNDA:25,ensureCorrectUserOrAdmin
DA:5,5
DA:6,5
DA:7,5
DA:19,38
DA:20,38
DA:21,38
DA:22,30
DA:23,30
DA:25,37
DA:27,1
DA:37,2
DA:38,2
DA:39,1
DA:41,1
DA:52,13
DA:53,13
DA:54,6
DA:56,7
DA:58,6
DA:69,25
DA:71,25
DA:72,25
DA:73,25
DA:74,8
DA:76,17
DA:78,8
DA:83,5
LF:27
LH:27
BRDA:20,0,0,38
BRDA:20,0,1,37
BRDA:21,1,0,30
BRDA:21,1,1,8
BRDA:38,2,0,1
BRDA:38,2,1,1
BRDA:53,3,0,6
BRDA:53,3,1,7
BRDA:53,4,0,13
BRDA:53,4,1,10
BRDA:73,5,0,8
BRDA:73,5,1,17
BRDA:73,6,0,25
BRDA:73,6,1,21
BRDA:73,6,2,10
BRDA:73,6,3,8
BRF:16
BRH:16
end_of_record
TN:
SF:models/_testCommon.js
FN:6,commonBeforeAll
FN:48,commonBeforeEach
FN:52,commonAfterEach
FN:56,commonAfterAll
FNF:4
FNH:4
FNDA:2,commonBeforeAll
FNDA:18,commonBeforeEach
FNDA:18,commonAfterEach
FNDA:2,commonAfterAll
DA:1,2
DA:3,2
DA:4,2
DA:8,2
DA:10,2
DA:12,2
DA:22,2
DA:33,2
DA:49,18
DA:53,18
DA:57,2
DA:61,2
LF:12
LH:12
BRF:0
BRH:0
end_of_record
TN:
SF:models/user.js
FN:24,(anonymous_0)
FN:60,(anonymous_1)
FN:104,(anonymous_2)
FN:126,(anonymous_3)
FN:163,(anonymous_4)
FN:197,(anonymous_5)
FNF:6
FNH:6
FNDA:7,(anonymous_0)
FNDA:13,(anonymous_1)
FNDA:3,(anonymous_2)
FNDA:8,(anonymous_3)
FNDA:8,(anonymous_4)
FNDA:3,(anonymous_5)
DA:3,6
DA:4,6
DA:5,6
DA:10,6
DA:12,6
DA:26,7
DA:39,7
DA:41,7
DA:43,5
DA:44,5
DA:45,5
DA:46,5
DA:50,2
DA:62,13
DA:69,13
DA:70,1
DA:73,12
DA:75,12
DA:94,11
DA:96,11
DA:105,3
DA:115,2
DA:127,8
DA:139,8
DA:141,8
DA:143,6
DA:164,8
DA:165,2
DA:168,8
DA:175,7
DA:177,7
DA:186,7
DA:187,7
DA:189,7
DA:191,5
DA:192,5
DA:198,3
DA:205,3
DA:207,3
DA:212,6
LF:40
LH:40
BRDA:41,0,0,5
BRDA:41,0,1,2
BRDA:44,1,0,5
BRDA:44,1,1,0
BRDA:69,2,0,1
BRDA:69,2,1,12
BRDA:141,3,0,2
BRDA:141,3,1,6
BRDA:164,4,0,2
BRDA:164,4,1,6
BRDA:189,5,0,2
BRDA:189,5,1,5
BRDA:207,6,0,1
BRDA:207,6,1,2
BRF:14
BRH:13
end_of_record
TN:
SF:models/workout.js
FN:17,(anonymous_0)
FN:49,(anonymous_1)
FN:71,(anonymous_2)
FNF:3
FNH:3
FNDA:12,(anonymous_0)
FNDA:4,(anonymous_1)
FNDA:2,(anonymous_2)
DA:3,5
DA:4,5
DA:5,5
DA:18,12
DA:20,12
DA:33,12
DA:35,12
DA:50,4
DA:56,4
DA:58,4
DA:72,2
DA:79,2
DA:81,1
DA:82,1
DA:88,5
LF:15
LH:15
BRDA:79,0,0,1
BRDA:79,0,1,1
BRF:2
BRH:2
end_of_record
TN:
SF:routes/_testCommon.js
FN:9,commonBeforeAll
FN:117,commonBeforeEach
FN:121,commonAfterEach
FN:125,commonAfterAll
FNF:4
FNH:4
FNDA:3,commonBeforeAll
FNDA:33,commonBeforeEach
FNDA:41,commonAfterEach
FNDA:3,commonAfterAll
DA:3,3
DA:5,3
DA:6,3
DA:7,3
DA:11,3
DA:13,3
DA:15,3
DA:23,2
DA:31,2
DA:40,2
DA:65,2
DA:90,2
DA:118,33
DA:122,41
DA:126,3
DA:129,3
DA:131,3
LF:17
LH:17
BRF:0
BRH:0
end_of_record
TN:
SF:routes/auth.js
FN:22,(anonymous_0)
FN:26,(anonymous_1)
FN:49,(anonymous_2)
FN:53,(anonymous_3)
FNF:4
FNH:0
FNDA:0,(anonymous_0)
FNDA:0,(anonymous_1)
FNDA:0,(anonymous_2)
FNDA:0,(anonymous_3)
DA:5,4
DA:7,4
DA:8,4
DA:9,4
DA:10,4
DA:11,4
DA:12,4
DA:13,4
DA:22,4
DA:23,0
DA:24,0
DA:25,0
DA:26,0
DA:27,0
DA:30,0
DA:31,0
DA:32,0
DA:33,0
DA:35,0
DA:49,4
DA:50,0
DA:51,0
DA:52,0
DA:53,0
DA:54,0
DA:57,0
DA:58,0
DA:59,0
DA:61,0
DA:66,4
LF:30
LH:11
BRDA:25,0,0,0
BRDA:25,0,1,0
BRDA:52,1,0,0
BRDA:52,1,1,0
BRF:4
BRH:0
end_of_record
TN:
SF:routes/users.js
FN:30,(anonymous_0)
FN:34,(anonymous_1)
FN:54,(anonymous_2)
FN:72,(anonymous_3)
FN:92,(anonymous_4)
FN:96,(anonymous_5)
FN:113,(anonymous_6)
FNF:7
FNH:7
FNDA:4,(anonymous_0)
FNDA:5,(anonymous_1)
FNDA:2,(anonymous_2)
FNDA:3,(anonymous_3)
FNDA:5,(anonymous_4)
FNDA:1,(anonymous_5)
FNDA:3,(anonymous_6)
DA:5,4
DA:7,4
DA:8,4
DA:9,4
DA:10,4
DA:11,4
DA:12,4
DA:13,4
DA:15,4
DA:30,4
DA:31,4
DA:32,4
DA:33,4
DA:34,5
DA:35,2
DA:38,2
DA:39,2
DA:40,2
DA:42,2
DA:54,4
DA:55,2
DA:56,2
DA:57,1
DA:59,1
DA:72,4
DA:73,3
DA:74,3
DA:75,2
DA:77,1
DA:92,4
DA:93,5
DA:94,5
DA:95,5
DA:96,1
DA:97,1
DA:100,4
DA:101,3
DA:103,2
DA:113,4
DA:114,3
DA:115,3
DA:116,2
DA:118,1
DA:123,4
LF:44
LH:44
BRDA:33,0,0,2
BRDA:33,0,1,2
BRDA:95,1,0,1
BRDA:95,1,1,4
BRF:4
BRH:4
end_of_record
TN:
SF:routes/workouts.js
FN:27,(anonymous_0)
FN:31,(anonymous_1)
FN:49,(anonymous_2)
FN:60,(anonymous_3)
FNF:4
FNH:2
FNDA:2,(anonymous_0)
FNDA:0,(anonymous_1)
FNDA:2,(anonymous_2)
FNDA:0,(anonymous_3)
DA:5,4
DA:6,4
DA:8,4
DA:9,4
DA:10,4
DA:12,4
DA:15,4
DA:27,4
DA:28,2
DA:29,2
DA:30,2
DA:31,0
DA:32,0
DA:35,2
DA:36,2
DA:38,0
DA:49,4
DA:50,2
DA:51,2
DA:60,4
DA:61,0
DA:62,0
DA:63,0
DA:66,0
DA:73,4
LF:25
LH:18
BRDA:30,0,0,0
BRDA:30,0,1,2
BRF:2
BRH:1
end_of_record
