TN:
SF:app.js
FN:31,(anonymous_0)
FN:36,(anonymous_1)
FNF:2
FNH:2
FNDA:2,(anonymous_0)
FNDA:28,(anonymous_1)
DA:5,4
DA:6,4
DA:8,4
DA:10,4
DA:11,4
DA:12,4
DA:13,4
DA:16,4
DA:18,4
DA:20,4
DA:21,4
DA:22,4
DA:23,4
DA:25,4
DA:26,4
DA:27,4
DA:31,4
DA:32,2
DA:36,4
DA:37,28
DA:38,28
DA:39,28
DA:40,28
DA:45,4
LF:24
LH:24
BRDA:37,0,0,1
BRDA:37,0,1,27
BRDA:38,1,0,28
BRDA:38,1,1,1
BRF:4
BRH:4
end_of_record
TN:
SF:config.js
FN:13,getDatabaseUri
FNF:1
FNH:1
FNDA:8,getDatabaseUri
DA:5,9
DA:6,9
DA:8,9
DA:10,9
DA:14,8
DA:22,9
DA:30,9
LF:7
LH:7
BRDA:8,0,0,9
BRDA:8,0,1,8
BRDA:10,1,0,9
BRDA:10,1,1,8
BRDA:14,2,0,7
BRDA:14,2,1,1
BRDA:16,3,0,1
BRDA:16,3,1,1
BRDA:22,4,0,8
BRDA:22,4,1,1
BRF:10
BRH:10
end_of_record
TN:
SF:db.js
FNF:0
FNH:0
DA:3,6
DA:4,6
DA:8,6
DA:9,0
DA:16,6
DA:21,6
DA:23,6
LF:7
LH:6
BRDA:8,0,0,0
BRDA:8,0,1,6
BRF:2
BRH:1
end_of_record
TN:
SF:expressError.js
FN:8,(anonymous_0)
FN:18,(anonymous_1)
FN:26,(anonymous_2)
FN:34,(anonymous_3)
FN:42,(anonymous_4)
FNF:5
FNH:4
FNDA:36,(anonymous_0)
FNDA:6,(anonymous_1)
FNDA:21,(anonymous_2)
FNDA:9,(anonymous_3)
FNDA:0,(anonymous_4)
DA:9,36
DA:10,36
DA:11,36
DA:19,6
DA:27,21
DA:35,9
DA:43,0
DA:47,8
LF:8
LH:7
BRDA:18,0,0,2
BRDA:26,1,0,15
BRDA:34,2,0,0
BRDA:42,3,0,0
BRF:4
BRH:2
end_of_record
TN:
SF:helpers/sql.js
FN:20,sqlForPartialUpdate
FN:25,(anonymous_1)
FNF:2
FNH:2
FNDA:6,sqlForPartialUpdate
FNDA:7,(anonymous_1)
DA:1,7
DA:21,6
DA:22,6
DA:25,6
DA:26,7
DA:29,6
DA:35,7
LF:7
LH:7
BRDA:22,0,0,0
BRDA:22,0,1,6
BRDA:26,1,0,7
BRDA:26,1,1,2
BRF:4
BRH:3
end_of_record
TN:
SF:helpers/tokens.js
FN:6,createToken
FNF:1
FNH:1
FNDA:12,createToken
DA:1,5
DA:2,5
DA:7,12
DA:9,12
DA:15,12
DA:18,5
LF:6
LH:6
BRDA:12,0,0,12
BRDA:12,0,1,7
BRF:2
BRH:2
end_of_record
TN:
SF:middleware/auth.js
FN:18,authenticateJWT
FN:36,ensureLoggedIn
FN:51,ensureAdmin
FN:68,ensureCorrectUserOrAdmin
FNF:4
FNH:4
FNDA:46,authenticateJWT
FNDA:2,ensureLoggedIn
FNDA:13,ensureAdmin
FNDA:26,ensureCorrectUserOrAdmin
DA:5,5
DA:6,5
DA:7,5
DA:19,46
DA:20,46
DA:21,46
DA:22,31
DA:23,31
DA:25,45
DA:27,1
DA:37,2
DA:38,2
DA:39,1
DA:41,1
DA:52,13
DA:53,13
DA:54,6
DA:56,7
DA:58,6
DA:69,26
DA:71,26
DA:72,26
DA:73,26
DA:74,8
DA:76,18
DA:78,8
DA:83,5
LF:27
LH:27
BRDA:20,0,0,46
BRDA:20,0,1,45
BRDA:21,1,0,31
BRDA:21,1,1,15
BRDA:38,2,0,1
BRDA:38,2,1,1
BRDA:53,3,0,6
BRDA:53,3,1,7
BRDA:53,4,0,13
BRDA:53,4,1,10
BRDA:73,5,0,8
BRDA:73,5,1,18
BRDA:73,6,0,26
BRDA:73,6,1,23
BRDA:73,6,2,12
BRDA:73,6,3,9
BRF:16
BRH:16
end_of_record
TN:
SF:models/_testCommon.js
FN:6,commonBeforeAll
FN:48,commonBeforeEach
FN:52,commonAfterEach
FN:56,commonAfterAll
FNF:4
FNH:4
FNDA:2,commonBeforeAll
FNDA:5,commonBeforeEach
FNDA:18,commonAfterEach
FNDA:2,commonAfterAll
DA:1,2
DA:3,2
DA:4,2
DA:8,2
DA:10,2
DA:12,2
DA:22,2
DA:33,2
DA:49,5
DA:53,18
DA:57,2
DA:61,2
LF:12
LH:12
BRF:0
BRH:0
end_of_record
TN:
SF:models/user.js
FN:24,(anonymous_0)
FN:60,(anonymous_1)
FN:104,(anonymous_2)
FN:126,(anonymous_3)
FN:163,(anonymous_4)
FN:197,(anonymous_5)
FNF:6
FNH:6
FNDA:7,(anonymous_0)
FNDA:12,(anonymous_1)
FNDA:2,(anonymous_2)
FNDA:6,(anonymous_3)
FNDA:4,(anonymous_4)
FNDA:3,(anonymous_5)
DA:3,6
DA:4,6
DA:5,6
DA:10,6
DA:12,6
DA:26,7
DA:39,7
DA:41,7
DA:43,2
DA:44,2
DA:45,1
DA:46,1
DA:50,6
DA:62,12
DA:69,12
DA:70,0
DA:73,12
DA:75,12
DA:94,12
DA:96,12
DA:105,2
DA:115,1
DA:127,6
DA:139,6
DA:141,6
DA:143,5
DA:164,4
DA:165,1
DA:168,4
DA:175,4
DA:177,4
DA:186,4
DA:187,4
DA:189,4
DA:191,3
DA:192,3
DA:198,3
DA:205,3
DA:207,3
DA:212,6
LF:40
LH:39
BRDA:41,0,0,2
BRDA:41,0,1,5
BRDA:44,1,0,1
BRDA:44,1,1,1
BRDA:69,2,0,0
BRDA:69,2,1,12
BRDA:141,3,0,1
BRDA:141,3,1,5
BRDA:164,4,0,1
BRDA:164,4,1,3
BRDA:189,5,0,1
BRDA:189,5,1,3
BRDA:207,6,0,1
BRDA:207,6,1,2
BRF:14
BRH:13
end_of_record
TN:
SF:models/workout.js
FN:17,(anonymous_0)
FN:49,(anonymous_1)
FN:71,(anonymous_2)
FNF:3
FNH:3
FNDA:11,(anonymous_0)
FNDA:2,(anonymous_1)
FNDA:2,(anonymous_2)
DA:3,5
DA:4,5
DA:5,5
DA:18,11
DA:20,11
DA:33,11
DA:35,11
DA:50,2
DA:56,2
DA:58,2
DA:72,2
DA:79,2
DA:81,1
DA:82,1
DA:88,5
LF:15
LH:15
BRDA:79,0,0,1
BRDA:79,0,1,1
BRF:2
BRH:2
end_of_record
TN:
SF:routes/_testCommon.js
FN:9,commonBeforeAll
FN:117,commonBeforeEach
FN:121,commonAfterEach
FN:125,commonAfterAll
FNF:4
FNH:4
FNDA:3,commonBeforeAll
FNDA:41,commonBeforeEach
FNDA:41,commonAfterEach
FNDA:3,commonAfterAll
DA:3,3
DA:5,3
DA:6,3
DA:7,3
DA:11,3
DA:13,3
DA:15,3
DA:23,3
DA:31,3
DA:40,3
DA:65,3
DA:90,3
DA:118,41
DA:122,41
DA:126,3
DA:129,3
DA:131,3
LF:17
LH:17
BRF:0
BRH:0
end_of_record
TN:
SF:routes/auth.js
FN:22,(anonymous_0)
FN:26,(anonymous_1)
FN:49,(anonymous_2)
FN:53,(anonymous_3)
FNF:4
FNH:4
FNDA:5,(anonymous_0)
FNDA:2,(anonymous_1)
FNDA:3,(anonymous_2)
FNDA:5,(anonymous_3)
DA:5,4
DA:7,4
DA:8,4
DA:9,4
DA:10,4
DA:11,4
DA:12,4
DA:13,4
DA:22,4
DA:23,5
DA:24,5
DA:25,5
DA:26,2
DA:27,2
DA:30,3
DA:31,3
DA:32,0
DA:33,0
DA:35,5
DA:49,4
DA:50,3
DA:51,3
DA:52,3
DA:53,5
DA:54,2
DA:57,1
DA:58,1
DA:59,1
DA:61,2
DA:66,4
LF:30
LH:28
BRDA:25,0,0,2
BRDA:25,0,1,3
BRDA:52,1,0,2
BRDA:52,1,1,1
BRF:4
BRH:4
end_of_record
TN:
SF:routes/users.js
FN:30,(anonymous_0)
FN:34,(anonymous_1)
FN:54,(anonymous_2)
FN:72,(anonymous_3)
FN:92,(anonymous_4)
FN:96,(anonymous_5)
FN:113,(anonymous_6)
FNF:7
FNH:7
FNDA:4,(anonymous_0)
FNDA:5,(anonymous_1)
FNDA:2,(anonymous_2)
FNDA:3,(anonymous_3)
FNDA:5,(anonymous_4)
FNDA:1,(anonymous_5)
FNDA:3,(anonymous_6)
DA:5,4
DA:7,4
DA:8,4
DA:9,4
DA:10,4
DA:11,4
DA:12,4
DA:13,4
DA:15,4
DA:30,4
DA:31,4
DA:32,4
DA:33,4
DA:34,5
DA:35,2
DA:38,2
DA:39,2
DA:40,2
DA:42,2
DA:54,4
DA:55,2
DA:56,2
DA:57,1
DA:59,1
DA:72,4
DA:73,3
DA:74,3
DA:75,2
DA:77,1
DA:92,4
DA:93,5
DA:94,5
DA:95,5
DA:96,1
DA:97,1
DA:100,4
DA:101,3
DA:103,2
DA:113,4
DA:114,3
DA:115,3
DA:116,2
DA:118,1
DA:123,4
LF:44
LH:44
BRDA:33,0,0,2
BRDA:33,0,1,2
BRDA:95,1,0,1
BRDA:95,1,1,4
BRF:4
BRH:4
end_of_record
TN:
SF:routes/workouts.js
FN:27,(anonymous_0)
FN:31,(anonymous_1)
FN:49,(anonymous_2)
FN:60,(anonymous_3)
FNF:4
FNH:4
FNDA:4,(anonymous_0)
FNDA:4,(anonymous_1)
FNDA:1,(anonymous_2)
FNDA:1,(anonymous_3)
DA:5,4
DA:6,4
DA:8,4
DA:9,4
DA:10,4
DA:12,4
DA:15,4
DA:27,4
DA:28,4
DA:29,4
DA:30,4
DA:31,4
DA:32,2
DA:35,2
DA:36,2
DA:38,2
DA:49,4
DA:50,1
DA:51,1
DA:60,4
DA:61,1
DA:62,1
DA:63,1
DA:66,0
DA:67,0
DA:74,4
LF:26
LH:24
BRDA:30,0,0,2
BRDA:30,0,1,2
BRF:2
BRH:2
end_of_record
